# JRE version: OpenJDK Runtime Environment (11.0.8+10) (build 11.0.8+10-b944.6842174)
# Java VM: OpenJDK 64-Bit Server VM (11.0.8+10-b944.6842174, mixed mode, tiered, compressed oops, g1 gc, windows-amd64)
Heap:
 garbage-first heap   total 315392K, used 119091K [0x0000000080000000, 0x0000000100000000)
  region size 1024K, 36 young (36864K), 23 survivors (23552K)
 Metaspace       used 98238K, capacity 100579K, committed 100944K, reserved 1136640K
  class space    used 12482K, capacity 13329K, committed 13440K, reserved 1048576K
GC Heap History (20 events):
Event: 5.478 GC heap before
{Heap before GC invocations=6 (full 0):
 garbage-first heap   total 262144K, used 63549K [0x0000000080000000, 0x0000000100000000)
  region size 1024K, 52 young (53248K), 5 survivors (5120K)
 Metaspace       used 25920K, capacity 26573K, committed 26752K, reserved 1073152K
  class space    used 3378K, capacity 3602K, committed 3712K, reserved 1048576K
}
Event: 5.488 GC heap after
{Heap after GC invocations=7 (full 0):
 garbage-first heap   total 262144K, used 18404K [0x0000000080000000, 0x0000000100000000)
  region size 1024K, 3 young (3072K), 3 survivors (3072K)
 Metaspace       used 25920K, capacity 26573K, committed 26752K, reserved 1073152K
  class space    used 3378K, capacity 3602K, committed 3712K, reserved 1048576K
}
Event: 7.255 GC heap before
{Heap before GC invocations=7 (full 0):
 garbage-first heap   total 262144K, used 74724K [0x0000000080000000, 0x0000000100000000)
  region size 1024K, 59 young (60416K), 3 survivors (3072K)
 Metaspace       used 35269K, capacity 36020K, committed 36048K, reserved 1081344K
  class space    used 4577K, capacity 4859K, committed 4864K, reserved 1048576K
}
Event: 7.273 GC heap after
{Heap after GC invocations=8 (full 0):
 garbage-first heap   total 262144K, used 21910K [0x0000000080000000, 0x0000000100000000)
  region size 1024K, 7 young (7168K), 7 survivors (7168K)
 Metaspace       used 35269K, capacity 36020K, committed 36048K, reserved 1081344K
  class space    used 4577K, capacity 4859K, committed 4864K, reserved 1048576K
}
Event: 9.345 GC heap before
{Heap before GC invocations=9 (full 0):
 garbage-first heap   total 262144K, used 118166K [0x0000000080000000, 0x0000000100000000)
  region size 1024K, 98 young (100352K), 7 survivors (7168K)
 Metaspace       used 43636K, capacity 44666K, committed 44880K, reserved 1087488K
  class space    used 5597K, capacity 5948K, committed 6016K, reserved 1048576K
}
Event: 9.370 GC heap after
{Heap after GC invocations=10 (full 0):
 garbage-first heap   total 262144K, used 26901K [0x0000000080000000, 0x0000000100000000)
  region size 1024K, 11 young (11264K), 11 survivors (11264K)
 Metaspace       used 43636K, capacity 44666K, committed 44880K, reserved 1087488K
  class space    used 5597K, capacity 5948K, committed 6016K, reserved 1048576K
}
Event: 12.533 GC heap before
{Heap before GC invocations=10 (full 0):
 garbage-first heap   total 262144K, used 177429K [0x0000000080000000, 0x0000000100000000)
  region size 1024K, 153 young (156672K), 11 survivors (11264K)
 Metaspace       used 55322K, capacity 56725K, committed 56912K, reserved 1099776K
  class space    used 7044K, capacity 7513K, committed 7552K, reserved 1048576K
}
Event: 12.564 GC heap after
{Heap after GC invocations=11 (full 0):
 garbage-first heap   total 262144K, used 44013K [0x0000000080000000, 0x0000000100000000)
  region size 1024K, 20 young (20480K), 20 survivors (20480K)
 Metaspace       used 55322K, capacity 56725K, committed 56912K, reserved 1099776K
  class space    used 7044K, capacity 7513K, committed 7552K, reserved 1048576K
}
Event: 14.288 GC heap before
{Heap before GC invocations=11 (full 0):
 garbage-first heap   total 262144K, used 80877K [0x0000000080000000, 0x0000000100000000)
  region size 1024K, 57 young (58368K), 20 survivors (20480K)
 Metaspace       used 58987K, capacity 60384K, committed 60496K, reserved 1101824K
  class space    used 7454K, capacity 7952K, committed 8064K, reserved 1048576K
}
Event: 14.329 GC heap after
{Heap after GC invocations=12 (full 0):
 garbage-first heap   total 262144K, used 48451K [0x0000000080000000, 0x0000000100000000)
  region size 1024K, 5 young (5120K), 5 survivors (5120K)
 Metaspace       used 58987K, capacity 60384K, committed 60496K, reserved 1101824K
  class space    used 7454K, capacity 7952K, committed 8064K, reserved 1048576K
}
Event: 19.358 GC heap before
{Heap before GC invocations=13 (full 0):
 garbage-first heap   total 262144K, used 193859K [0x0000000080000000, 0x0000000100000000)
  region size 1024K, 147 young (150528K), 5 survivors (5120K)
 Metaspace       used 73137K, capacity 74839K, committed 74960K, reserved 1114112K
  class space    used 9548K, capacity 10146K, committed 10240K, reserved 1048576K
}
Event: 19.382 GC heap after
{Heap after GC invocations=14 (full 0):
 garbage-first heap   total 315392K, used 56131K [0x0000000080000000, 0x0000000100000000)
  region size 1024K, 12 young (12288K), 12 survivors (12288K)
 Metaspace       used 73137K, capacity 74839K, committed 74960K, reserved 1114112K
  class space    used 9548K, capacity 10146K, committed 10240K, reserved 1048576K
}
Event: 25.525 GC heap before
{Heap before GC invocations=14 (full 0):
 garbage-first heap   total 315392K, used 218947K [0x0000000080000000, 0x0000000100000000)
  region size 1024K, 172 young (176128K), 12 survivors (12288K)
 Metaspace       used 80249K, capacity 82175K, committed 82512K, reserved 1120256K
  class space    used 10367K, capacity 11041K, committed 11136K, reserved 1048576K
}
Event: 25.572 GC heap after
{Heap after GC invocations=15 (full 0):
 garbage-first heap   total 315392K, used 69632K [0x0000000080000000, 0x0000000100000000)
  region size 1024K, 22 young (22528K), 22 survivors (22528K)
 Metaspace       used 80249K, capacity 82175K, committed 82512K, reserved 1120256K
  class space    used 10367K, capacity 11041K, committed 11136K, reserved 1048576K
}
Event: 30.493 GC heap before
{Heap before GC invocations=15 (full 0):
 garbage-first heap   total 315392K, used 258048K [0x0000000080000000, 0x0000000100000000)
  region size 1024K, 184 young (188416K), 22 survivors (22528K)
 Metaspace       used 85010K, capacity 86933K, committed 87120K, reserved 1124352K
  class space    used 10708K, capacity 11379K, committed 11392K, reserved 1048576K
}
Event: 30.532 GC heap after
{Heap after GC invocations=16 (full 0):
 garbage-first heap   total 315392K, used 67506K [0x0000000080000000, 0x0000000100000000)
  region size 1024K, 5 young (5120K), 5 survivors (5120K)
 Metaspace       used 85010K, capacity 86933K, committed 87120K, reserved 1124352K
  class space    used 10708K, capacity 11379K, committed 11392K, reserved 1048576K
}
Event: 35.182 GC heap before
{Heap before GC invocations=16 (full 0):
 garbage-first heap   total 315392K, used 248754K [0x0000000080000000, 0x0000000100000000)
  region size 1024K, 181 young (185344K), 5 survivors (5120K)
 Metaspace       used 91172K, capacity 93159K, committed 93264K, reserved 1130496K
  class space    used 11438K, capacity 12135K, committed 12160K, reserved 1048576K
}
Event: 35.203 GC heap after
{Heap after GC invocations=17 (full 0):
 garbage-first heap   total 315392K, used 80306K [0x0000000080000000, 0x0000000100000000)
  region size 1024K, 16 young (16384K), 16 survivors (16384K)
 Metaspace       used 91172K, capacity 93159K, committed 93264K, reserved 1130496K
  class space    used 11438K, capacity 12135K, committed 12160K, reserved 1048576K
}
Event: 37.278 GC heap before
{Heap before GC invocations=17 (full 0):
 garbage-first heap   total 315392K, used 244146K [0x0000000080000000, 0x0000000100000000)
  region size 1024K, 177 young (181248K), 16 survivors (16384K)
 Metaspace       used 96792K, capacity 98990K, committed 99152K, reserved 1134592K
  class space    used 12267K, capacity 13076K, committed 13184K, reserved 1048576K
}
Event: 37.371 GC heap after
{Heap after GC invocations=18 (full 0):
 garbage-first heap   total 315392K, used 106803K [0x0000000080000000, 0x0000000100000000)
  region size 1024K, 23 young (23552K), 23 survivors (23552K)
 Metaspace       used 96792K, capacity 98990K, committed 99152K, reserved 1134592K
  class space    used 12267K, capacity 13076K, committed 13184K, reserved 1048576K
}

