# JRE version: OpenJDK Runtime Environment (11.0.8+10) (build 11.0.8+10-b944.6842174)
# Java VM: OpenJDK 64-Bit Server VM (11.0.8+10-b944.6842174, mixed mode, tiered, compressed oops, g1 gc, windows-amd64)
Heap:
 garbage-first heap   total 315392K, used 244208K [0x0000000080000000, 0x0000000100000000)
  region size 1024K, 77 young (78848K), 9 survivors (9216K)
 Metaspace       used 136701K, capacity 140238K, committed 140540K, reserved 1171456K
  class space    used 16531K, capacity 17714K, committed 17792K, reserved 1048576K
GC Heap History (20 events):
Event: 206.398 GC heap before
{Heap before GC invocations=58 (full 0):
 garbage-first heap   total 315392K, used 253243K [0x0000000080000000, 0x0000000100000000)
  region size 1024K, 89 young (91136K), 3 survivors (3072K)
 Metaspace       used 135043K, capacity 138423K, committed 138492K, reserved 1171456K
  class space    used 16335K, capacity 17488K, committed 17536K, reserved 1048576K
}
Event: 206.409 GC heap after
{Heap after GC invocations=59 (full 0):
 garbage-first heap   total 315392K, used 166583K [0x0000000080000000, 0x0000000100000000)
  region size 1024K, 3 young (3072K), 3 survivors (3072K)
 Metaspace       used 135043K, capacity 138423K, committed 138492K, reserved 1171456K
  class space    used 16335K, capacity 17488K, committed 17536K, reserved 1048576K
}
Event: 206.694 GC heap before
{Heap before GC invocations=59 (full 0):
 garbage-first heap   total 315392K, used 178871K [0x0000000080000000, 0x0000000100000000)
  region size 1024K, 15 young (15360K), 3 survivors (3072K)
 Metaspace       used 135054K, capacity 138423K, committed 138492K, reserved 1171456K
  class space    used 16335K, capacity 17488K, committed 17536K, reserved 1048576K
}
Event: 206.708 GC heap after
{Heap after GC invocations=60 (full 0):
 garbage-first heap   total 315392K, used 163398K [0x0000000080000000, 0x0000000100000000)
  region size 1024K, 2 young (2048K), 2 survivors (2048K)
 Metaspace       used 135054K, capacity 138423K, committed 138492K, reserved 1171456K
  class space    used 16335K, capacity 17488K, committed 17536K, reserved 1048576K
}
Event: 207.618 GC heap before
{Heap before GC invocations=60 (full 0):
 garbage-first heap   total 315392K, used 255558K [0x0000000080000000, 0x0000000100000000)
  region size 1024K, 92 young (94208K), 2 survivors (2048K)
 Metaspace       used 135676K, capacity 139136K, committed 139388K, reserved 1171456K
  class space    used 16423K, capacity 17596K, committed 17664K, reserved 1048576K
}
Event: 207.628 GC heap after
{Heap after GC invocations=61 (full 0):
 garbage-first heap   total 315392K, used 164595K [0x0000000080000000, 0x0000000100000000)
  region size 1024K, 3 young (3072K), 3 survivors (3072K)
 Metaspace       used 135676K, capacity 139136K, committed 139388K, reserved 1171456K
  class space    used 16423K, capacity 17596K, committed 17664K, reserved 1048576K
}
Event: 208.864 GC heap before
{Heap before GC invocations=61 (full 0):
 garbage-first heap   total 315392K, used 257779K [0x0000000080000000, 0x0000000100000000)
  region size 1024K, 95 young (97280K), 3 survivors (3072K)
 Metaspace       used 136498K, capacity 140012K, committed 140284K, reserved 1171456K
  class space    used 16519K, capacity 17706K, committed 17792K, reserved 1048576K
}
Event: 208.881 GC heap after
{Heap after GC invocations=62 (full 0):
 garbage-first heap   total 315392K, used 166482K [0x0000000080000000, 0x0000000100000000)
  region size 1024K, 5 young (5120K), 5 survivors (5120K)
 Metaspace       used 136498K, capacity 140012K, committed 140284K, reserved 1171456K
  class space    used 16519K, capacity 17706K, committed 17792K, reserved 1048576K
}
Event: 209.701 GC heap before
{Heap before GC invocations=62 (full 0):
 garbage-first heap   total 315392K, used 261714K [0x0000000080000000, 0x0000000100000000)
  region size 1024K, 98 young (100352K), 5 survivors (5120K)
 Metaspace       used 136531K, capacity 140082K, committed 140284K, reserved 1171456K
  class space    used 16520K, capacity 17707K, committed 17792K, reserved 1048576K
}
Event: 209.717 GC heap after
{Heap after GC invocations=63 (full 0):
 garbage-first heap   total 315392K, used 167555K [0x0000000080000000, 0x0000000100000000)
  region size 1024K, 6 young (6144K), 6 survivors (6144K)
 Metaspace       used 136531K, capacity 140082K, committed 140284K, reserved 1171456K
  class space    used 16520K, capacity 17707K, committed 17792K, reserved 1048576K
}
Event: 210.841 GC heap before
{Heap before GC invocations=63 (full 0):
 garbage-first heap   total 315392K, used 262787K [0x0000000080000000, 0x0000000100000000)
  region size 1024K, 100 young (102400K), 6 survivors (6144K)
 Metaspace       used 136587K, capacity 140092K, committed 140284K, reserved 1171456K
  class space    used 16523K, capacity 17710K, committed 17792K, reserved 1048576K
}
Event: 210.856 GC heap after
{Heap after GC invocations=64 (full 0):
 garbage-first heap   total 315392K, used 168982K [0x0000000080000000, 0x0000000100000000)
  region size 1024K, 7 young (7168K), 7 survivors (7168K)
 Metaspace       used 136587K, capacity 140092K, committed 140284K, reserved 1171456K
  class space    used 16523K, capacity 17710K, committed 17792K, reserved 1048576K
}
Event: 211.464 GC heap before
{Heap before GC invocations=64 (full 0):
 garbage-first heap   total 315392K, used 266262K [0x0000000080000000, 0x0000000100000000)
  region size 1024K, 102 young (104448K), 7 survivors (7168K)
 Metaspace       used 136610K, capacity 140168K, committed 140284K, reserved 1171456K
  class space    used 16526K, capacity 17714K, committed 17792K, reserved 1048576K
}
Event: 211.481 GC heap after
{Heap after GC invocations=65 (full 0):
 garbage-first heap   total 315392K, used 170691K [0x0000000080000000, 0x0000000100000000)
  region size 1024K, 9 young (9216K), 9 survivors (9216K)
 Metaspace       used 136610K, capacity 140168K, committed 140284K, reserved 1171456K
  class space    used 16526K, capacity 17714K, committed 17792K, reserved 1048576K
}
Event: 212.074 GC heap before
{Heap before GC invocations=65 (full 0):
 garbage-first heap   total 315392K, used 267971K [0x0000000080000000, 0x0000000100000000)
  region size 1024K, 104 young (106496K), 9 survivors (9216K)
 Metaspace       used 136646K, capacity 140171K, committed 140284K, reserved 1171456K
  class space    used 16526K, capacity 17714K, committed 17792K, reserved 1048576K
}
Event: 212.091 GC heap after
{Heap after GC invocations=66 (full 0):
 garbage-first heap   total 315392K, used 170701K [0x0000000080000000, 0x0000000100000000)
  region size 1024K, 7 young (7168K), 7 survivors (7168K)
 Metaspace       used 136646K, capacity 140171K, committed 140284K, reserved 1171456K
  class space    used 16526K, capacity 17714K, committed 17792K, reserved 1048576K
}
Event: 212.619 GC heap before
{Heap before GC invocations=66 (full 0):
 garbage-first heap   total 315392K, used 269005K [0x0000000080000000, 0x0000000100000000)
  region size 1024K, 104 young (106496K), 7 survivors (7168K)
 Metaspace       used 136671K, capacity 140173K, committed 140284K, reserved 1171456K
  class space    used 16527K, capacity 17714K, committed 17792K, reserved 1048576K
}
Event: 212.635 GC heap after
{Heap after GC invocations=67 (full 0):
 garbage-first heap   total 315392K, used 173400K [0x0000000080000000, 0x0000000100000000)
  region size 1024K, 9 young (9216K), 9 survivors (9216K)
 Metaspace       used 136671K, capacity 140173K, committed 140284K, reserved 1171456K
  class space    used 16527K, capacity 17714K, committed 17792K, reserved 1048576K
}
Event: 213.607 GC heap before
{Heap before GC invocations=67 (full 0):
 garbage-first heap   total 315392K, used 270680K [0x0000000080000000, 0x0000000100000000)
  region size 1024K, 104 young (106496K), 9 survivors (9216K)
 Metaspace       used 136692K, capacity 140238K, committed 140540K, reserved 1171456K
  class space    used 16531K, capacity 17714K, committed 17792K, reserved 1048576K
}
Event: 213.636 GC heap after
{Heap after GC invocations=68 (full 0):
 garbage-first heap   total 315392K, used 175600K [0x0000000080000000, 0x0000000100000000)
  region size 1024K, 9 young (9216K), 9 survivors (9216K)
 Metaspace       used 136692K, capacity 140238K, committed 140540K, reserved 1171456K
  class space    used 16531K, capacity 17714K, committed 17792K, reserved 1048576K
}

