# JRE version: OpenJDK Runtime Environment (11.0.8+10) (build 11.0.8+10-b944.6842174)
# Java VM: OpenJDK 64-Bit Server VM (11.0.8+10-b944.6842174, mixed mode, tiered, compressed oops, g1 gc, windows-amd64)
Heap:
 garbage-first heap   total 315392K, used 88064K [0x0000000080000000, 0x0000000100000000)
  region size 1024K, 15 young (15360K), 15 survivors (15360K)
 Metaspace       used 86117K, capacity 88167K, committed 88268K, reserved 1126400K
  class space    used 11196K, capacity 11932K, committed 12032K, reserved 1048576K
GC Heap History (20 events):
Event: 4.089 GC heap after
{Heap after GC invocations=4 (full 0):
 garbage-first heap   total 262144K, used 16060K [0x0000000080000000, 0x0000000100000000)
  region size 1024K, 3 young (3072K), 3 survivors (3072K)
 Metaspace       used 18909K, capacity 19429K, committed 19584K, reserved 1067008K
  class space    used 2283K, capacity 2426K, committed 2432K, reserved 1048576K
}
Event: 4.325 GC heap before
{Heap before GC invocations=4 (full 0):
 garbage-first heap   total 262144K, used 28348K [0x0000000080000000, 0x0000000100000000)
  region size 1024K, 16 young (16384K), 3 survivors (3072K)
 Metaspace       used 20604K, capacity 21103K, committed 21248K, reserved 1067008K
  class space    used 2528K, capacity 2712K, committed 2816K, reserved 1048576K
}
Event: 4.334 GC heap after
{Heap after GC invocations=5 (full 0):
 garbage-first heap   total 262144K, used 16441K [0x0000000080000000, 0x0000000100000000)
  region size 1024K, 4 young (4096K), 4 survivors (4096K)
 Metaspace       used 20604K, capacity 21103K, committed 21248K, reserved 1067008K
  class space    used 2528K, capacity 2712K, committed 2816K, reserved 1048576K
}
Event: 5.978 GC heap before
{Heap before GC invocations=6 (full 0):
 garbage-first heap   total 262144K, used 72761K [0x0000000080000000, 0x0000000100000000)
  region size 1024K, 59 young (60416K), 4 survivors (4096K)
 Metaspace       used 26693K, capacity 27399K, committed 27648K, reserved 1073152K
  class space    used 3512K, capacity 3752K, committed 3840K, reserved 1048576K
}
Event: 5.992 GC heap after
{Heap after GC invocations=7 (full 0):
 garbage-first heap   total 262144K, used 18390K [0x0000000080000000, 0x0000000100000000)
  region size 1024K, 6 young (6144K), 6 survivors (6144K)
 Metaspace       used 26693K, capacity 27399K, committed 27648K, reserved 1073152K
  class space    used 3512K, capacity 3752K, committed 3840K, reserved 1048576K
}
Event: 7.180 GC heap before
{Heap before GC invocations=7 (full 0):
 garbage-first heap   total 262144K, used 62422K [0x0000000080000000, 0x0000000100000000)
  region size 1024K, 50 young (51200K), 6 survivors (6144K)
 Metaspace       used 35076K, capacity 35785K, committed 35840K, reserved 1081344K
  class space    used 4562K, capacity 4824K, committed 4864K, reserved 1048576K
}
Event: 7.197 GC heap after
{Heap after GC invocations=8 (full 0):
 garbage-first heap   total 262144K, used 21763K [0x0000000080000000, 0x0000000100000000)
  region size 1024K, 9 young (9216K), 9 survivors (9216K)
 Metaspace       used 35076K, capacity 35785K, committed 35840K, reserved 1081344K
  class space    used 4562K, capacity 4824K, committed 4864K, reserved 1048576K
}
Event: 9.975 GC heap before
{Heap before GC invocations=9 (full 0):
 garbage-first heap   total 262144K, used 172291K [0x0000000080000000, 0x0000000100000000)
  region size 1024K, 153 young (156672K), 9 survivors (9216K)
 Metaspace       used 44459K, capacity 45506K, committed 45824K, reserved 1089536K
  class space    used 5687K, capacity 6056K, committed 6144K, reserved 1048576K
}
Event: 10.000 GC heap after
{Heap after GC invocations=10 (full 0):
 garbage-first heap   total 262144K, used 27818K [0x0000000080000000, 0x0000000100000000)
  region size 1024K, 15 young (15360K), 15 survivors (15360K)
 Metaspace       used 44459K, capacity 45506K, committed 45824K, reserved 1089536K
  class space    used 5687K, capacity 6056K, committed 6144K, reserved 1048576K
}
Event: 13.275 GC heap before
{Heap before GC invocations=10 (full 0):
 garbage-first heap   total 262144K, used 175274K [0x0000000080000000, 0x0000000100000000)
  region size 1024K, 153 young (156672K), 15 survivors (15360K)
 Metaspace       used 58660K, capacity 60091K, committed 60160K, reserved 1101824K
  class space    used 7429K, capacity 7921K, committed 7936K, reserved 1048576K
}
Event: 13.325 GC heap after
{Heap after GC invocations=11 (full 0):
 garbage-first heap   total 262144K, used 47291K [0x0000000080000000, 0x0000000100000000)
  region size 1024K, 20 young (20480K), 20 survivors (20480K)
 Metaspace       used 58660K, capacity 60091K, committed 60160K, reserved 1101824K
  class space    used 7429K, capacity 7921K, committed 7936K, reserved 1048576K
}
Event: 13.330 GC heap before
{Heap before GC invocations=11 (full 0):
 garbage-first heap   total 262144K, used 47291K [0x0000000080000000, 0x0000000100000000)
  region size 1024K, 21 young (21504K), 20 survivors (20480K)
 Metaspace       used 58667K, capacity 60091K, committed 60160K, reserved 1101824K
  class space    used 7431K, capacity 7921K, committed 7936K, reserved 1048576K
}
Event: 13.371 GC heap after
{Heap after GC invocations=12 (full 0):
 garbage-first heap   total 262144K, used 49740K [0x0000000080000000, 0x0000000100000000)
  region size 1024K, 2 young (2048K), 2 survivors (2048K)
 Metaspace       used 58667K, capacity 60091K, committed 60160K, reserved 1101824K
  class space    used 7431K, capacity 7921K, committed 7936K, reserved 1048576K
}
Event: 15.457 GC heap before
{Heap before GC invocations=13 (full 0):
 garbage-first heap   total 262144K, used 141900K [0x0000000080000000, 0x0000000100000000)
  region size 1024K, 92 young (94208K), 2 survivors (2048K)
 Metaspace       used 66698K, capacity 68255K, committed 68556K, reserved 1107968K
  class space    used 8623K, capacity 9165K, committed 9216K, reserved 1048576K
}
Event: 15.475 GC heap after
{Heap after GC invocations=14 (full 0):
 garbage-first heap   total 262144K, used 54452K [0x0000000080000000, 0x0000000100000000)
  region size 1024K, 7 young (7168K), 7 survivors (7168K)
 Metaspace       used 66698K, capacity 68255K, committed 68556K, reserved 1107968K
  class space    used 8623K, capacity 9165K, committed 9216K, reserved 1048576K
}
Event: 18.214 GC heap before
{Heap before GC invocations=15 (full 0):
 garbage-first heap   total 262144K, used 152756K [0x0000000080000000, 0x0000000100000000)
  region size 1024K, 104 young (106496K), 7 survivors (7168K)
 Metaspace       used 77319K, capacity 79024K, committed 79308K, reserved 1118208K
  class space    used 10068K, capacity 10682K, committed 10752K, reserved 1048576K
}
Event: 18.241 GC heap after
{Heap after GC invocations=16 (full 0):
 garbage-first heap   total 262144K, used 60849K [0x0000000080000000, 0x0000000100000000)
  region size 1024K, 13 young (13312K), 13 survivors (13312K)
 Metaspace       used 77319K, capacity 79024K, committed 79308K, reserved 1118208K
  class space    used 10068K, capacity 10682K, committed 10752K, reserved 1048576K
}
Event: 20.897 GC heap before
{Heap before GC invocations=16 (full 0):
 garbage-first heap   total 262144K, used 164273K [0x0000000080000000, 0x0000000100000000)
  region size 1024K, 115 young (117760K), 13 survivors (13312K)
 Metaspace       used 82306K, capacity 84238K, committed 84300K, reserved 1122304K
  class space    used 10670K, capacity 11355K, committed 11392K, reserved 1048576K
}
Event: 20.948 GC heap after
{Heap after GC invocations=17 (full 0):
 garbage-first heap   total 262144K, used 67255K [0x0000000080000000, 0x0000000100000000)
  region size 1024K, 13 young (13312K), 13 survivors (13312K)
 Metaspace       used 82306K, capacity 84238K, committed 84300K, reserved 1122304K
  class space    used 10670K, capacity 11355K, committed 11392K, reserved 1048576K
}
Event: 22.493 GC heap before
{Heap before GC invocations=17 (full 0):
 garbage-first heap   total 262144K, used 175799K [0x0000000080000000, 0x0000000100000000)
  region size 1024K, 118 young (120832K), 13 survivors (13312K)
 Metaspace       used 86117K, capacity 88167K, committed 88268K, reserved 1126400K
  class space    used 11196K, capacity 11932K, committed 12032K, reserved 1048576K
}

