# JRE version: OpenJDK Runtime Environment (11.0.8+10) (build 11.0.8+10-b944.6842174)
# Java VM: OpenJDK 64-Bit Server VM (11.0.8+10-b944.6842174, mixed mode, tiered, compressed oops, g1 gc, windows-amd64)
Heap:
 garbage-first heap   total 315392K, used 234496K [0x0000000080000000, 0x0000000100000000)
  region size 1024K, 120 young (122880K), 19 survivors (19456K)
 Metaspace       used 112547K, capacity 115794K, committed 116044K, reserved 1150976K
  class space    used 14370K, capacity 15462K, committed 15512K, reserved 1048576K
GC Heap History (20 events):
Event: 5.956 GC heap before
{Heap before GC invocations=6 (full 0):
 garbage-first heap   total 262144K, used 79745K [0x0000000080000000, 0x0000000100000000)
  region size 1024K, 58 young (59392K), 4 survivors (4096K)
 Metaspace       used 26210K, capacity 26999K, committed 27184K, reserved 1073152K
  class space    used 3417K, capacity 3654K, committed 3712K, reserved 1048576K
}
Event: 5.969 GC heap after
{Heap after GC invocations=7 (full 0):
 garbage-first heap   total 262144K, used 29750K [0x0000000080000000, 0x0000000100000000)
  region size 1024K, 8 young (8192K), 8 survivors (8192K)
 Metaspace       used 26210K, capacity 26999K, committed 27184K, reserved 1073152K
  class space    used 3417K, capacity 3654K, committed 3712K, reserved 1048576K
}
Event: 7.573 GC heap before
{Heap before GC invocations=7 (full 0):
 garbage-first heap   total 262144K, used 81974K [0x0000000080000000, 0x0000000100000000)
  region size 1024K, 60 young (61440K), 8 survivors (8192K)
 Metaspace       used 34867K, capacity 35624K, committed 35708K, reserved 1081344K
  class space    used 4511K, capacity 4799K, committed 4864K, reserved 1048576K
}
Event: 7.596 GC heap after
{Heap after GC invocations=8 (full 0):
 garbage-first heap   total 262144K, used 33405K [0x0000000080000000, 0x0000000100000000)
  region size 1024K, 11 young (11264K), 11 survivors (11264K)
 Metaspace       used 34867K, capacity 35624K, committed 35708K, reserved 1081344K
  class space    used 4511K, capacity 4799K, committed 4864K, reserved 1048576K
}
Event: 12.921 GC heap before
{Heap before GC invocations=9 (full 0):
 garbage-first heap   total 262144K, used 189053K [0x0000000080000000, 0x0000000100000000)
  region size 1024K, 153 young (156672K), 11 survivors (11264K)
 Metaspace       used 46877K, capacity 48205K, committed 48380K, reserved 1091584K
  class space    used 6016K, capacity 6423K, committed 6528K, reserved 1048576K
}
Event: 12.954 GC heap after
{Heap after GC invocations=10 (full 0):
 garbage-first heap   total 262144K, used 50348K [0x0000000080000000, 0x0000000100000000)
  region size 1024K, 18 young (18432K), 18 survivors (18432K)
 Metaspace       used 46877K, capacity 48205K, committed 48380K, reserved 1091584K
  class space    used 6016K, capacity 6423K, committed 6528K, reserved 1048576K
}
Event: 15.883 GC heap before
{Heap before GC invocations=10 (full 0):
 garbage-first heap   total 262144K, used 175276K [0x0000000080000000, 0x0000000100000000)
  region size 1024K, 136 young (139264K), 18 survivors (18432K)
 Metaspace       used 58207K, capacity 59883K, committed 59940K, reserved 1101824K
  class space    used 7407K, capacity 7920K, committed 7936K, reserved 1048576K
}
Event: 15.931 GC heap after
{Heap after GC invocations=11 (full 0):
 garbage-first heap   total 262144K, used 67099K [0x0000000080000000, 0x0000000100000000)
  region size 1024K, 19 young (19456K), 19 survivors (19456K)
 Metaspace       used 58207K, capacity 59883K, committed 59940K, reserved 1101824K
  class space    used 7407K, capacity 7920K, committed 7936K, reserved 1048576K
}
Event: 22.004 GC heap before
{Heap before GC invocations=12 (full 0):
 garbage-first heap   total 262144K, used 191003K [0x0000000080000000, 0x0000000100000000)
  region size 1024K, 140 young (143360K), 19 survivors (19456K)
 Metaspace       used 69386K, capacity 71274K, committed 71408K, reserved 1112064K
  class space    used 8984K, capacity 9585K, committed 9676K, reserved 1048576K
}
Event: 22.050 GC heap after
{Heap after GC invocations=13 (full 0):
 garbage-first heap   total 262144K, used 77377K [0x0000000080000000, 0x0000000100000000)
  region size 1024K, 9 young (9216K), 9 survivors (9216K)
 Metaspace       used 69386K, capacity 71274K, committed 71408K, reserved 1112064K
  class space    used 8984K, capacity 9585K, committed 9676K, reserved 1048576K
}
Event: 25.443 GC heap before
{Heap before GC invocations=13 (full 0):
 garbage-first heap   total 262144K, used 197185K [0x0000000080000000, 0x0000000100000000)
  region size 1024K, 126 young (129024K), 9 survivors (9216K)
 Metaspace       used 78378K, capacity 80372K, committed 80624K, reserved 1120256K
  class space    used 10185K, capacity 10837K, committed 10956K, reserved 1048576K
}
Event: 25.475 GC heap after
{Heap after GC invocations=14 (full 0):
 garbage-first heap   total 315392K, used 83960K [0x0000000080000000, 0x0000000100000000)
  region size 1024K, 7 young (7168K), 7 survivors (7168K)
 Metaspace       used 78378K, capacity 80372K, committed 80624K, reserved 1120256K
  class space    used 10185K, capacity 10837K, committed 10956K, reserved 1048576K
}
Event: 31.103 GC heap before
{Heap before GC invocations=14 (full 0):
 garbage-first heap   total 315392K, used 225272K [0x0000000080000000, 0x0000000100000000)
  region size 1024K, 145 young (148480K), 7 survivors (7168K)
 Metaspace       used 90134K, capacity 92304K, committed 92400K, reserved 1130496K
  class space    used 11721K, capacity 12439K, committed 12492K, reserved 1048576K
}
Event: 31.131 GC heap after
{Heap after GC invocations=15 (full 0):
 garbage-first heap   total 315392K, used 92672K [0x0000000080000000, 0x0000000100000000)
  region size 1024K, 15 young (15360K), 15 survivors (15360K)
 Metaspace       used 90134K, capacity 92304K, committed 92400K, reserved 1130496K
  class space    used 11721K, capacity 12439K, committed 12492K, reserved 1048576K
}
Event: 35.196 GC heap before
{Heap before GC invocations=15 (full 0):
 garbage-first heap   total 315392K, used 208384K [0x0000000080000000, 0x0000000100000000)
  region size 1024K, 129 young (132096K), 15 survivors (15360K)
 Metaspace       used 97753K, capacity 100226K, committed 100336K, reserved 1136640K
  class space    used 12620K, capacity 13442K, committed 13516K, reserved 1048576K
}
Event: 35.258 GC heap after
{Heap after GC invocations=16 (full 0):
 garbage-first heap   total 315392K, used 100012K [0x0000000080000000, 0x0000000100000000)
  region size 1024K, 16 young (16384K), 16 survivors (16384K)
 Metaspace       used 97753K, capacity 100226K, committed 100336K, reserved 1136640K
  class space    used 12620K, capacity 13442K, committed 13516K, reserved 1048576K
}
Event: 49.381 GC heap before
{Heap before GC invocations=17 (full 0):
 garbage-first heap   total 315392K, used 235180K [0x0000000080000000, 0x0000000100000000)
  region size 1024K, 148 young (151552K), 16 survivors (16384K)
 Metaspace       used 106134K, capacity 109069K, committed 109260K, reserved 1144832K
  class space    used 13489K, capacity 14477K, committed 14616K, reserved 1048576K
}
Event: 49.431 GC heap after
{Heap after GC invocations=18 (full 0):
 garbage-first heap   total 315392K, used 108548K [0x0000000080000000, 0x0000000100000000)
  region size 1024K, 16 young (16384K), 16 survivors (16384K)
 Metaspace       used 106134K, capacity 109069K, committed 109260K, reserved 1144832K
  class space    used 13489K, capacity 14477K, committed 14616K, reserved 1048576K
}
Event: 52.106 GC heap before
{Heap before GC invocations=19 (full 0):
 garbage-first heap   total 315392K, used 242692K [0x0000000080000000, 0x0000000100000000)
  region size 1024K, 146 young (149504K), 16 survivors (16384K)
 Metaspace       used 109352K, capacity 112489K, committed 112716K, reserved 1146880K
  class space    used 13886K, capacity 14909K, committed 15000K, reserved 1048576K
}
Event: 52.173 GC heap after
{Heap after GC invocations=20 (full 0):
 garbage-first heap   total 315392K, used 133120K [0x0000000080000000, 0x0000000100000000)
  region size 1024K, 19 young (19456K), 19 survivors (19456K)
 Metaspace       used 109352K, capacity 112489K, committed 112716K, reserved 1146880K
  class space    used 13886K, capacity 14909K, committed 15000K, reserved 1048576K
}

