# JRE version: OpenJDK Runtime Environment (11.0.8+10) (build 11.0.8+10-b944.6842174)
# Java VM: OpenJDK 64-Bit Server VM (11.0.8+10-b944.6842174, mixed mode, tiered, compressed oops, g1 gc, windows-amd64)
Heap:
 garbage-first heap   total 349184K, used 137405K [0x0000000080000000, 0x0000000100000000)
  region size 1024K, 58 young (59392K), 20 survivors (20480K)
 Metaspace       used 105512K, capacity 108545K, committed 108708K, reserved 1142784K
  class space    used 13668K, capacity 14746K, committed 14848K, reserved 1048576K
GC Heap History (20 events):
Event: 2.944 GC heap before
{Heap before GC invocations=3 (full 0):
 garbage-first heap   total 262144K, used 53411K [0x0000000080000000, 0x0000000100000000)
  region size 1024K, 43 young (44032K), 4 survivors (4096K)
 Metaspace       used 18617K, capacity 19041K, committed 19328K, reserved 1067008K
  class space    used 2240K, capacity 2362K, committed 2432K, reserved 1048576K
}
Event: 2.954 GC heap after
{Heap after GC invocations=4 (full 0):
 garbage-first heap   total 262144K, used 16079K [0x0000000080000000, 0x0000000100000000)
  region size 1024K, 6 young (6144K), 6 survivors (6144K)
 Metaspace       used 18617K, capacity 19041K, committed 19328K, reserved 1067008K
  class space    used 2240K, capacity 2362K, committed 2432K, reserved 1048576K
}
Event: 3.205 GC heap before
{Heap before GC invocations=4 (full 0):
 garbage-first heap   total 262144K, used 29391K [0x0000000080000000, 0x0000000100000000)
  region size 1024K, 21 young (21504K), 6 survivors (6144K)
 Metaspace       used 20578K, capacity 21099K, committed 21248K, reserved 1067008K
  class space    used 2526K, capacity 2712K, committed 2816K, reserved 1048576K
}
Event: 3.213 GC heap after
{Heap after GC invocations=5 (full 0):
 garbage-first heap   total 262144K, used 16807K [0x0000000080000000, 0x0000000100000000)
  region size 1024K, 4 young (4096K), 4 survivors (4096K)
 Metaspace       used 20578K, capacity 21099K, committed 21248K, reserved 1067008K
  class space    used 2526K, capacity 2712K, committed 2816K, reserved 1048576K
}
Event: 4.259 GC heap before
{Heap before GC invocations=6 (full 0):
 garbage-first heap   total 262144K, used 71079K [0x0000000080000000, 0x0000000100000000)
  region size 1024K, 57 young (58368K), 4 survivors (4096K)
 Metaspace       used 26512K, capacity 27144K, committed 27264K, reserved 1073152K
  class space    used 3481K, capacity 3710K, committed 3712K, reserved 1048576K
}
Event: 4.269 GC heap after
{Heap after GC invocations=7 (full 0):
 garbage-first heap   total 262144K, used 18845K [0x0000000080000000, 0x0000000100000000)
  region size 1024K, 6 young (6144K), 6 survivors (6144K)
 Metaspace       used 26512K, capacity 27144K, committed 27264K, reserved 1073152K
  class space    used 3481K, capacity 3710K, committed 3712K, reserved 1048576K
}
Event: 5.360 GC heap before
{Heap before GC invocations=7 (full 0):
 garbage-first heap   total 262144K, used 66973K [0x0000000080000000, 0x0000000100000000)
  region size 1024K, 54 young (55296K), 6 survivors (6144K)
 Metaspace       used 35028K, capacity 35775K, committed 35840K, reserved 1081344K
  class space    used 4556K, capacity 4822K, committed 4864K, reserved 1048576K
}
Event: 5.377 GC heap after
{Heap after GC invocations=8 (full 0):
 garbage-first heap   total 262144K, used 21898K [0x0000000080000000, 0x0000000100000000)
  region size 1024K, 9 young (9216K), 9 survivors (9216K)
 Metaspace       used 35028K, capacity 35775K, committed 35840K, reserved 1081344K
  class space    used 4556K, capacity 4822K, committed 4864K, reserved 1048576K
}
Event: 7.889 GC heap before
{Heap before GC invocations=9 (full 0):
 garbage-first heap   total 262144K, used 171402K [0x0000000080000000, 0x0000000100000000)
  region size 1024K, 152 young (155648K), 9 survivors (9216K)
 Metaspace       used 44425K, capacity 45459K, committed 45568K, reserved 1089536K
  class space    used 5691K, capacity 6063K, committed 6144K, reserved 1048576K
}
Event: 7.914 GC heap after
{Heap after GC invocations=10 (full 0):
 garbage-first heap   total 262144K, used 27939K [0x0000000080000000, 0x0000000100000000)
  region size 1024K, 15 young (15360K), 15 survivors (15360K)
 Metaspace       used 44425K, capacity 45459K, committed 45568K, reserved 1089536K
  class space    used 5691K, capacity 6063K, committed 6144K, reserved 1048576K
}
Event: 10.743 GC heap before
{Heap before GC invocations=10 (full 0):
 garbage-first heap   total 262144K, used 172323K [0x0000000080000000, 0x0000000100000000)
  region size 1024K, 151 young (154624K), 15 survivors (15360K)
 Metaspace       used 58531K, capacity 59993K, committed 60160K, reserved 1101824K
  class space    used 7431K, capacity 7956K, committed 8064K, reserved 1048576K
}
Event: 10.792 GC heap after
{Heap after GC invocations=11 (full 0):
 garbage-first heap   total 262144K, used 47579K [0x0000000080000000, 0x0000000100000000)
  region size 1024K, 20 young (20480K), 20 survivors (20480K)
 Metaspace       used 58531K, capacity 59993K, committed 60160K, reserved 1101824K
  class space    used 7431K, capacity 7956K, committed 8064K, reserved 1048576K
}
Event: 14.223 GC heap before
{Heap before GC invocations=12 (full 0):
 garbage-first heap   total 262144K, used 183771K [0x0000000080000000, 0x0000000100000000)
  region size 1024K, 153 young (156672K), 20 survivors (20480K)
 Metaspace       used 71181K, capacity 72867K, committed 72960K, reserved 1112064K
  class space    used 9319K, capacity 9922K, committed 9984K, reserved 1048576K
}
Event: 14.275 GC heap after
{Heap after GC invocations=13 (full 0):
 garbage-first heap   total 349184K, used 57071K [0x0000000080000000, 0x0000000100000000)
  region size 1024K, 10 young (10240K), 10 survivors (10240K)
 Metaspace       used 71181K, capacity 72867K, committed 72960K, reserved 1112064K
  class space    used 9319K, capacity 9922K, committed 9984K, reserved 1048576K
}
Event: 18.406 GC heap before
{Heap before GC invocations=13 (full 0):
 garbage-first heap   total 349184K, used 228079K [0x0000000080000000, 0x0000000100000000)
  region size 1024K, 178 young (182272K), 10 survivors (10240K)
 Metaspace       used 81746K, capacity 83618K, committed 83712K, reserved 1122304K
  class space    used 10601K, capacity 11262K, committed 11264K, reserved 1048576K
}
Event: 18.439 GC heap after
{Heap after GC invocations=14 (full 0):
 garbage-first heap   total 349184K, used 66287K [0x0000000080000000, 0x0000000100000000)
  region size 1024K, 19 young (19456K), 19 survivors (19456K)
 Metaspace       used 81746K, capacity 83618K, committed 83712K, reserved 1122304K
  class space    used 10601K, capacity 11262K, committed 11264K, reserved 1048576K
}
Event: 46.216 GC heap before
{Heap before GC invocations=14 (full 0):
 garbage-first heap   total 349184K, used 218863K [0x0000000080000000, 0x0000000100000000)
  region size 1024K, 170 young (174080K), 19 survivors (19456K)
 Metaspace       used 97810K, capacity 100472K, committed 100696K, reserved 1136640K
  class space    used 12952K, capacity 13928K, committed 13952K, reserved 1048576K
}
Event: 46.288 GC heap after
{Heap after GC invocations=15 (full 0):
 garbage-first heap   total 349184K, used 76767K [0x0000000080000000, 0x0000000100000000)
  region size 1024K, 21 young (21504K), 21 survivors (21504K)
 Metaspace       used 97810K, capacity 100472K, committed 100696K, reserved 1136640K
  class space    used 12952K, capacity 13928K, committed 13952K, reserved 1048576K
}
Event: 245.907 GC heap before
{Heap before GC invocations=16 (full 0):
 garbage-first heap   total 349184K, used 271327K [0x0000000080000000, 0x0000000100000000)
  region size 1024K, 197 young (201728K), 21 survivors (21504K)
 Metaspace       used 105140K, capacity 108086K, committed 108452K, reserved 1142784K
  class space    used 13660K, capacity 14735K, committed 14848K, reserved 1048576K
}
Event: 245.983 GC heap after
{Heap after GC invocations=17 (full 0):
 garbage-first heap   total 349184K, used 85181K [0x0000000080000000, 0x0000000100000000)
  region size 1024K, 20 young (20480K), 20 survivors (20480K)
 Metaspace       used 105140K, capacity 108086K, committed 108452K, reserved 1142784K
  class space    used 13660K, capacity 14735K, committed 14848K, reserved 1048576K
}

